c:\users\sturgedl\documents\git\aesencrypter\aesencrypter\aesencrypter\debug\aesencrypter.pch
c:\users\sturgedl\documents\git\aesencrypter\aesencrypter\aesencrypter\debug\vc120.pdb
c:\users\sturgedl\documents\git\aesencrypter\aesencrypter\aesencrypter\debug\vc120.idb
c:\users\sturgedl\documents\git\aesencrypter\aesencrypter\aesencrypter\debug\stdafx.obj
c:\users\sturgedl\documents\git\aesencrypter\aesencrypter\aesencrypter\debug\aesencrypter.obj
c:\users\sturgedl\documents\git\aesencrypter\aesencrypter\aesencrypter\debug\sbox.obj
c:\users\sturgedl\documents\git\aesencrypter\aesencrypter\aesencrypter\debug\datamatrix.obj
c:\users\sturgedl\documents\git\aesencrypter\aesencrypter\aesencrypter\debug\key.obj
c:\users\sturgedl\documents\git\aesencrypter\aesencrypter\aesencrypter\debug\aesparser.obj
c:\users\sturgedl\documents\git\aesencrypter\aesencrypter\aesencrypter\debug\encrypter.obj
c:\users\sturgedl\documents\git\aesencrypter\aesencrypter\aesencrypter\debug\logger.obj
c:\users\sturgedl\documents\git\aesencrypter\aesencrypter\debug\aesencrypter.ilk
c:\users\sturgedl\documents\git\aesencrypter\aesencrypter\debug\aesencrypter.exe
c:\users\sturgedl\documents\git\aesencrypter\aesencrypter\debug\aesencrypter.pdb
c:\users\sturgedl\documents\git\aesencrypter\aesencrypter\aesencrypter\debug\aesencrypter.tlog\cl.command.1.tlog
c:\users\sturgedl\documents\git\aesencrypter\aesencrypter\aesencrypter\debug\aesencrypter.tlog\cl.read.1.tlog
c:\users\sturgedl\documents\git\aesencrypter\aesencrypter\aesencrypter\debug\aesencrypter.tlog\cl.write.1.tlog
c:\users\sturgedl\documents\git\aesencrypter\aesencrypter\aesencrypter\debug\aesencrypter.tlog\link.command.1.tlog
c:\users\sturgedl\documents\git\aesencrypter\aesencrypter\aesencrypter\debug\aesencrypter.tlog\link.read.1.tlog
c:\users\sturgedl\documents\git\aesencrypter\aesencrypter\aesencrypter\debug\aesencrypter.tlog\link.write.1.tlog
