Build started 4/29/2014 1:30:00 AM.
     1>Project "C:\Users\sturgedl\Documents\git\AESEncrypter\AESEncrypter\AESEncrypter\AESEncrypter.vcxproj" on node 2 (Rebuild target(s)).
     1>ClCompile:
         C:\Program Files (x86)\Microsoft Visual Studio 12.0\VC\bin\CL.exe /c /ZI /nologo /W3 /WX- /sdl /Od /Oy- /D WIN32 /D _DEBUG /D _CONSOLE /D _LIB /D _UNICODE /D UNICODE /Gm /EHsc /RTC1 /MDd /GS /fp:precise /Zc:wchar_t /Zc:forScope /Yc"stdafx.h" /Fp"Debug\AESEncrypter.pch" /Fo"Debug\\" /Fd"Debug\vc120.pdb" /Gd /TP /analyze- /errorReport:prompt stdafx.cpp
         stdafx.cpp
         C:\Program Files (x86)\Microsoft Visual Studio 12.0\VC\bin\CL.exe /c /ZI /nologo /W3 /WX- /sdl /Od /Oy- /D WIN32 /D _DEBUG /D _CONSOLE /D _LIB /D _UNICODE /D UNICODE /Gm /EHsc /RTC1 /MDd /GS /fp:precise /Zc:wchar_t /Zc:forScope /Yu"stdafx.h" /Fp"Debug\AESEncrypter.pch" /Fo"Debug\\" /Fd"Debug\vc120.pdb" /Gd /TP /analyze- /errorReport:prompt AESEncrypter.cpp AESParser.cpp DataMatrix.cpp Encrypter.cpp Key.cpp Logger.cpp SBox.cpp
         SBox.cpp
         Logger.cpp
         Key.cpp
         Encrypter.cpp
         DataMatrix.cpp
     1>c:\users\sturgedl\documents\git\aesencrypter\aesencrypter\aesencrypter\datamatrix.cpp(34): warning C4018: '<' : signed/unsigned mismatch
     1>c:\users\sturgedl\documents\git\aesencrypter\aesencrypter\aesencrypter\datamatrix.cpp(135): warning C4018: '<' : signed/unsigned mismatch
         AESParser.cpp
     1>c:\users\sturgedl\documents\git\aesencrypter\aesencrypter\aesencrypter\aesparser.cpp(46): warning C4018: '<' : signed/unsigned mismatch
     1>c:\users\sturgedl\documents\git\aesencrypter\aesencrypter\aesencrypter\aesparser.cpp(61): warning C4244: '+=' : conversion from 'double' to 'unsigned char', possible loss of data
         AESEncrypter.cpp
     1>c:\users\sturgedl\documents\git\aesencrypter\aesencrypter\aesencrypter\aesencrypter.cpp(4): warning C4603: 'DEBUG_LOGGING' : macro is not defined or definition is different after precompiled header use
                 Add macro to precompiled header instead of defining here
                 c:\users\sturgedl\documents\git\aesencrypter\aesencrypter\aesencrypter\aesencrypter.cpp(6) : use of precompiled header
     1>c:\users\sturgedl\documents\git\aesencrypter\aesencrypter\aesencrypter\aesencrypter.cpp(58): warning C4018: '<' : signed/unsigned mismatch
         Generating Code...
       Link:
         C:\Program Files (x86)\Microsoft Visual Studio 12.0\VC\bin\link.exe /ERRORREPORT:PROMPT /OUT:"C:\Users\sturgedl\Documents\git\AESEncrypter\AESEncrypter\Debug\AESEncrypter.exe" /INCREMENTAL /NOLOGO kernel32.lib user32.lib gdi32.lib winspool.lib comdlg32.lib advapi32.lib shell32.lib ole32.lib oleaut32.lib uuid.lib odbc32.lib odbccp32.lib /MANIFEST /MANIFESTUAC:"level='asInvoker' uiAccess='false'" /manifest:embed /DEBUG /PDB:"C:\Users\sturgedl\Documents\git\AESEncrypter\AESEncrypter\Debug\AESEncrypter.pdb" /SUBSYSTEM:CONSOLE /TLBID:1 /DYNAMICBASE /NXCOMPAT /IMPLIB:"C:\Users\sturgedl\Documents\git\AESEncrypter\AESEncrypter\Debug\AESEncrypter.lib" /MACHINE:X86 Debug\AESEncrypter.obj
         Debug\AESParser.obj
         Debug\DataMatrix.obj
         Debug\Encrypter.obj
         Debug\Key.obj
         Debug\Logger.obj
         Debug\SBox.obj
         Debug\stdafx.obj
         AESEncrypter.vcxproj -> C:\Users\sturgedl\Documents\git\AESEncrypter\AESEncrypter\Debug\AESEncrypter.exe
     1>Done Building Project "C:\Users\sturgedl\Documents\git\AESEncrypter\AESEncrypter\AESEncrypter\AESEncrypter.vcxproj" (Rebuild target(s)).

Build succeeded.

Time Elapsed 00:00:02.44
