Build started 5/1/2014 2:21:10 AM.
     1>Project "C:\Users\sturgedl\Documents\git\AESEncrypter\AESEncrypter\AESEncrypter\AESEncrypter.vcxproj" on node 2 (Build target(s)).
     1>ClCompile:
         C:\Program Files (x86)\Microsoft Visual Studio 12.0\VC\bin\CL.exe /c /Zi /nologo /W3 /WX- /sdl /O2 /Oi /Oy- /GL /D WIN32 /D NDEBUG /D _CONSOLE /D _LIB /D _UNICODE /D UNICODE /Gm- /EHsc /MD /GS /Gy /fp:precise /Zc:wchar_t /Zc:forScope /Yu"stdafx.h" /Fp"Release\AESEncrypter.pch" /Fo"Release\\" /Fd"Release\vc120.pdb" /Gd /TP /analyze- /errorReport:prompt AESEncrypter.cpp
         AESEncrypter.cpp
     1>AESEncrypter.cpp(4): warning C4603: 'DEBUG_LOGGING' : macro is not defined or definition is different after precompiled header use
                 Add macro to precompiled header instead of defining here
                 AESEncrypter.cpp(6) : use of precompiled header
     1>AESEncrypter.cpp(57): warning C4018: '<' : signed/unsigned mismatch
       Link:
         C:\Program Files (x86)\Microsoft Visual Studio 12.0\VC\bin\link.exe /ERRORREPORT:PROMPT /OUT:"C:\Users\sturgedl\Documents\git\AESEncrypter\AESEncrypter\Release\AESEncrypter.exe" /INCREMENTAL:NO /NOLOGO kernel32.lib user32.lib gdi32.lib winspool.lib comdlg32.lib advapi32.lib shell32.lib ole32.lib oleaut32.lib uuid.lib odbc32.lib odbccp32.lib /MANIFEST /MANIFESTUAC:"level='asInvoker' uiAccess='false'" /manifest:embed /DEBUG /PDB:"C:\Users\sturgedl\Documents\git\AESEncrypter\AESEncrypter\Release\AESEncrypter.pdb" /SUBSYSTEM:CONSOLE /OPT:REF /OPT:ICF /LTCG /TLBID:1 /DYNAMICBASE /NXCOMPAT /IMPLIB:"C:\Users\sturgedl\Documents\git\AESEncrypter\AESEncrypter\Release\AESEncrypter.lib" /MACHINE:X86 /SAFESEH Release\AESEncrypter.obj
         Release\AESParser.obj
         Release\AESTestVector.obj
         Release\DataMatrix.obj
         Release\Encrypter.obj
         Release\Key.obj
         Release\Logger.obj
         Release\SBox.obj
         Release\stdafx.obj
         Release\TestBench.obj
         Release\TestVectorParser.obj
         Generating code
         Finished generating code
         AESEncrypter.vcxproj -> C:\Users\sturgedl\Documents\git\AESEncrypter\AESEncrypter\Release\AESEncrypter.exe
     1>Done Building Project "C:\Users\sturgedl\Documents\git\AESEncrypter\AESEncrypter\AESEncrypter\AESEncrypter.vcxproj" (Build target(s)).

Build succeeded.

Time Elapsed 00:00:01.57
